<?xml version="1.0" encoding="UTF-8"?>
<!-- Generated by org.testng.reporters.JUnitXMLReporter -->
<testsuite ignored="0" hostname="LAPTOP-O04QCH21" failures="0" tests="7" name="Batch" time="5.291" errors="0" timestamp="2023-01-16T12:58:25 EST">
  <testcase classname="batchTest.GetBachallPrograms" name="getallPrograms" time="3.303"/>
  <testcase classname="batchTest.GetBatchesByBatchName" name="batchbyNameRequest" time="0.23"/>
  <testcase classname="batchTest.GetBatchesbyID" name="batchbyID" time="0.163"/>
  <testcase classname="batchTest.GetbatchesbyProgramId" name="batchbyID" time="0.173"/>
  <testcase classname="batchTest.PostBatche" name="storeData" time="0.606"/>
  <testcase classname="batchTest.UpdateBatchById" name="testPutId" time="0.151"/>
  <testcase classname="batchTest.DeleteBatchById" name="deletebyBatchIDRequest" time="0.311"/>
</testsuite> <!-- Batch -->
