<?xml version="1.0" encoding="UTF-8"?>
<!-- Generated by org.testng.reporters.JUnitXMLReporter -->
<testsuite ignored="0" hostname="LAPTOP-O04QCH21" failures="0" tests="6" name="Test" time="13.586" errors="0" timestamp="2023-01-16T12:36:53 EST">
  <testcase classname="programsTest.GetAllPrograms" name="getallPrograms" time="9.307"/>
  <testcase classname="programsTest.GetProgramNameByID" name="programbyID" time="2.483"/>
  <testcase classname="programsTest.PostSaveProgram" name="storeData" time="0.824"/>
  <testcase classname="programsTest.PutByNameRequest" name="testPutName" time="0.197"/>
  <testcase classname="programsTest.PutByProgramID" name="testPutId" time="0.178"/>
  <testcase classname="programsTest.DeleteProgrambyID" name="deletebyIDRequest" time="0.163"/>
</testsuite> <!-- Test -->
